{"name": "Verify created order is displayed in 'In Process' section", "status": "failed", "statusDetails": {"message": "AssertionError: assert False\n +  where False = check_order_in_progress((<Response [200]>, {'email': 'emily00@example.com', 'name': 'samuelsmith', 'password': 'T#4dZGsJjp'}))\n +    where check_order_in_progress = <pages.order_page.OrderFeed object at 0x104730560>.check_order_in_progress", "trace": "self = <test_order_page.TestOrderFeed object at 0x102a20770>, get_order_feed_instance = <pages.order_page.OrderFeed object at 0x104730560>\nget_new_user = (<Response [200]>, {'email': 'emily00@example.com', 'name': 'samuelsmith', 'password': 'T#4dZGsJjp'})\n\n    @allure.title(\"Verify created order is displayed in 'In Process' section\")\n    def test_check_order_in_progress(self, get_order_feed_instance, get_new_user):\n>       assert get_order_feed_instance.check_order_in_progress(get_new_user)\nE       AssertionError: assert False\nE        +  where False = check_order_in_progress((<Response [200]>, {'email': 'emily00@example.com', 'name': 'samuelsmith', 'password': 'T#4dZGsJjp'}))\nE        +    where check_order_in_progress = <pages.order_page.OrderFeed object at 0x104730560>.check_order_in_progress\n\ntests/test_order_page.py:20: AssertionError"}, "steps": [{"name": "Verify created order is displayed in In Process section", "status": "passed", "steps": [{"name": "Open url page", "status": "passed", "parameters": [{"name": "url", "value": "'https://stellarburgers.nomoreparties.site/feed'"}], "start": 1728090062328, "stop": 1728090062798}, {"name": "Create ingredient hashes for burger", "status": "passed", "steps": [{"name": "Get ingredient list and dict by type of ingredient", "status": "passed", "start": 1728090062801, "stop": 1728090063061}], "start": 1728090062801, "stop": 1728090063061}, {"name": "Create new order", "status": "passed", "parameters": [{"name": "ingredients", "value": "['61c0c5a71d1f82001bdaaa6d', '61c0c5a71d1f82001bdaaa75', '61c0c5a71d1f82001bdaaa77']"}, {"name": "token", "value": "'Bearer eyJhbGciOiJIUzI1NiIsInR5cCI6IkpXVCJ9.eyJpZCI6IjY3MDA4ZmNlOWVkMjgwMDAxYjRkNGE4NyIsImlhdCI6MTcyODA5MDA2MiwiZXhwIjoxNzI4MDkxMjYyfQ.UTu_1GDXkv2nRcJBSNGZVK1W6454AN7k5tOSB8sE46Y'"}], "start": 1728090063061, "stop": 1728090064817}, {"name": "Get element text", "status": "passed", "steps": [{"name": "Wait and find element by locator", "status": "passed", "parameters": [{"name": "locator", "value": "('xpath', \"//li[contains(@class, 'text_type_digits-default')]\")"}], "start": 1728090064818, "stop": 1728090064841}], "parameters": [{"name": "locator", "value": "('xpath', \"//li[contains(@class, 'text_type_digits-default')]\")"}], "start": 1728090064818, "stop": 1728090064848}], "parameters": [{"name": "new_user", "value": "(<Response [200]>, {'email': 'emily00@example.com', 'password': 'T#4dZGsJjp', 'name': 'samuelsmith'})"}], "start": 1728090062327, "stop": 1728090064848}], "parameters": [{"name": "get_driver", "value": "'chrome'"}], "start": 1728090062327, "stop": 1728090064848, "uuid": "a28adbd3-87c7-4fb2-93e1-cd09369c4ce2", "historyId": "ace771f2e513b71ce79eaf015d08ff9f", "testCaseId": "25e08268aa095e19d162f817d643ad8c", "fullName": "tests.test_order_page.TestOrderFeed#test_check_order_in_progress", "labels": [{"name": "parentSuite", "value": "tests"}, {"name": "suite", "value": "test_order_page"}, {"name": "subSuite", "value": "TestOrderFeed"}, {"name": "host", "value": "mac.lan"}, {"name": "thread", "value": "84223-MainThread"}, {"name": "framework", "value": "pytest"}, {"name": "language", "value": "cpython3"}, {"name": "package", "value": "tests.test_order_page"}]}