{"name": "Verify created order is displayed in 'In Process' section", "status": "failed", "statusDetails": {"message": "AssertionError: assert False\n +  where False = check_order_in_progress((<Response [200]>, {'email': 'tkelly@example.net', 'name': 'sflynn', 'password': '&2UtXS!tw0'}))\n +    where check_order_in_progress = <pages.order_page.OrderFeed object at 0x10465f2c0>.check_order_in_progress", "trace": "self = <test_order_page.TestOrderFeed object at 0x105074ef0>, get_order_feed_instance = <pages.order_page.OrderFeed object at 0x10465f2c0>\nget_new_user = (<Response [200]>, {'email': 'tkelly@example.net', 'name': 'sflynn', 'password': '&2UtXS!tw0'})\n\n    @allure.title(\"Verify created order is displayed in 'In Process' section\")\n    def test_check_order_in_progress(self, get_order_feed_instance, get_new_user):\n>       assert get_order_feed_instance.check_order_in_progress(get_new_user)\nE       AssertionError: assert False\nE        +  where False = check_order_in_progress((<Response [200]>, {'email': 'tkelly@example.net', 'name': 'sflynn', 'password': '&2UtXS!tw0'}))\nE        +    where check_order_in_progress = <pages.order_page.OrderFeed object at 0x10465f2c0>.check_order_in_progress\n\ntests/test_order_page.py:20: AssertionError"}, "steps": [{"name": "Verify created order is displayed in In Process section", "status": "passed", "steps": [{"name": "Open url page", "status": "passed", "parameters": [{"name": "url", "value": "'https://stellarburgers.nomoreparties.site/feed'"}], "start": 1728086173011, "stop": 1728086174027}, {"name": "Create ingredient hashes for burger", "status": "passed", "steps": [{"name": "Get ingredient list and dict by type of ingredient", "status": "passed", "start": 1728086174027, "stop": 1728086174393}], "start": 1728086174027, "stop": 1728086174393}, {"name": "Create new order", "status": "passed", "parameters": [{"name": "ingredients", "value": "['61c0c5a71d1f82001bdaaa6d', '61c0c5a71d1f82001bdaaa73', '61c0c5a71d1f82001bdaaa70']"}, {"name": "token", "value": "'Bearer eyJhbGciOiJIUzI1NiIsInR5cCI6IkpXVCJ9.eyJpZCI6IjY3MDA4MDljOWVkMjgwMDAxYjRkNDlhYyIsImlhdCI6MTcyODA4NjE3MiwiZXhwIjoxNzI4MDg3MzcyfQ.0rJJ7ljU8KI_K5JXaDyT1l3-oCwbTZJYqjJYLeptEOg'"}], "start": 1728086174393, "stop": 1728086176096}, {"name": "Get element text", "status": "passed", "steps": [{"name": "Wait and find element by locator", "status": "passed", "parameters": [{"name": "locator", "value": "('xpath', \"//li[contains(@class, 'text_type_digits-default')]\")"}], "start": 1728086176097, "stop": 1728086176121}], "parameters": [{"name": "locator", "value": "('xpath', \"//li[contains(@class, 'text_type_digits-default')]\")"}], "start": 1728086176097, "stop": 1728086176128}], "parameters": [{"name": "new_user", "value": "(<Response [200]>, {'email': 'tkelly@example.net', 'password': '&2UtXS!tw0', 'name': 'sflynn'})"}], "start": 1728086173010, "stop": 1728086176128}], "parameters": [{"name": "get_driver", "value": "'chrome'"}], "start": 1728086173010, "stop": 1728086176128, "uuid": "79f1f9c2-6c93-46a7-9eec-6d86540bb431", "historyId": "ace771f2e513b71ce79eaf015d08ff9f", "testCaseId": "25e08268aa095e19d162f817d643ad8c", "fullName": "tests.test_order_page.TestOrderFeed#test_check_order_in_progress", "labels": [{"name": "parentSuite", "value": "tests"}, {"name": "suite", "value": "test_order_page"}, {"name": "subSuite", "value": "TestOrderFeed"}, {"name": "host", "value": "mac.lan"}, {"name": "thread", "value": "81446-MainThread"}, {"name": "framework", "value": "pytest"}, {"name": "language", "value": "cpython3"}, {"name": "package", "value": "tests.test_order_page"}]}