{"name": "Verify created order is displayed in 'In Process' section", "status": "failed", "statusDetails": {"message": "AssertionError: assert False\n +  where False = check_order_in_progress((<Response [200]>, {'email': 'briannahernandez@example.com', 'name': 'kevin63', 'password': 'ON#8fLHfkj'}))\n +    where check_order_in_progress = <pages.order_page.OrderFeed object at 0x106a7ec90>.check_order_in_progress", "trace": "self = <test_order_page.TestOrderFeed object at 0x1066288c0>, get_order_feed_instance = <pages.order_page.OrderFeed object at 0x106a7ec90>\nget_new_user = (<Response [200]>, {'email': 'briannahernandez@example.com', 'name': 'kevin63', 'password': 'ON#8fLHfkj'})\n\n    @allure.title(\"Verify created order is displayed in 'In Process' section\")\n    def test_check_order_in_progress(self, get_order_feed_instance, get_new_user):\n>       assert get_order_feed_instance.check_order_in_progress(get_new_user)\nE       AssertionError: assert False\nE        +  where False = check_order_in_progress((<Response [200]>, {'email': 'briannahernandez@example.com', 'name': 'kevin63', 'password': 'ON#8fLHfkj'}))\nE        +    where check_order_in_progress = <pages.order_page.OrderFeed object at 0x106a7ec90>.check_order_in_progress\n\ntests/test_order_page.py:20: AssertionError"}, "steps": [{"name": "Verify created order is displayed in In Process section", "status": "passed", "steps": [{"name": "Open url page", "status": "passed", "parameters": [{"name": "url", "value": "'https://stellarburgers.nomoreparties.site/feed'"}], "start": 1728086876544, "stop": 1728086877438}, {"name": "Create ingredient hashes for burger", "status": "passed", "steps": [{"name": "Get ingredient list and dict by type of ingredient", "status": "passed", "start": 1728086877438, "stop": 1728086877800}], "start": 1728086877438, "stop": 1728086877800}, {"name": "Create new order", "status": "passed", "parameters": [{"name": "ingredients", "value": "['61c0c5a71d1f82001bdaaa6c', '61c0c5a71d1f82001bdaaa72', '61c0c5a71d1f82001bdaaa77']"}, {"name": "token", "value": "'Bearer eyJhbGciOiJIUzI1NiIsInR5cCI6IkpXVCJ9.eyJpZCI6IjY3MDA4MzVjOWVkMjgwMDAxYjRkNGEzNSIsImlhdCI6MTcyODA4Njg3NiwiZXhwIjoxNzI4MDg4MDc2fQ.5mnt_woSc4ynxZMBMKRSLxFtqymNq6yyNowySp81f78'"}], "start": 1728086877800, "stop": 1728086879564}, {"name": "Get element text", "status": "passed", "steps": [{"name": "Wait and find element by locator", "status": "passed", "parameters": [{"name": "locator", "value": "('xpath', \"//li[contains(@class, 'text_type_digits-default')]\")"}], "start": 1728086879565, "stop": 1728086879592}], "parameters": [{"name": "locator", "value": "('xpath', \"//li[contains(@class, 'text_type_digits-default')]\")"}], "start": 1728086879565, "stop": 1728086879597}], "parameters": [{"name": "new_user", "value": "(<Response [200]>, {'email': 'briannahernandez@example.com', 'password': 'ON#8fLHfkj', 'name': 'kevin63'})"}], "start": 1728086876544, "stop": 1728086879597}], "parameters": [{"name": "get_driver", "value": "'firefox'"}], "start": 1728086876544, "stop": 1728086879597, "uuid": "b7ca839a-1491-47c5-a814-2da26890308b", "historyId": "a9ffab978facafd6bf04e2bc22942e23", "testCaseId": "25e08268aa095e19d162f817d643ad8c", "fullName": "tests.test_order_page.TestOrderFeed#test_check_order_in_progress", "labels": [{"name": "parentSuite", "value": "tests"}, {"name": "suite", "value": "test_order_page"}, {"name": "subSuite", "value": "TestOrderFeed"}, {"name": "host", "value": "mac.lan"}, {"name": "thread", "value": "81981-MainThread"}, {"name": "framework", "value": "pytest"}, {"name": "language", "value": "cpython3"}, {"name": "package", "value": "tests.test_order_page"}]}