{"name": "Verify created order is displayed in 'In Process' section", "status": "failed", "statusDetails": {"message": "AssertionError: assert False\n +  where False = check_order_in_progress((<Response [200]>, {'email': 'teresawilliams@example.net', 'name': 'theresa32', 'password': 'tYS2YnSc#u'}))\n +    where check_order_in_progress = <pages.order_page.OrderFeed object at 0x102a84800>.check_order_in_progress", "trace": "self = <test_order_page.TestOrderFeed object at 0x10261cc50>, get_order_feed_instance = <pages.order_page.OrderFeed object at 0x102a84800>\nget_new_user = (<Response [200]>, {'email': 'teresawilliams@example.net', 'name': 'theresa32', 'password': 'tYS2YnSc#u'})\n\n    @allure.title(\"Verify created order is displayed in 'In Process' section\")\n    def test_check_order_in_progress(self, get_order_feed_instance, get_new_user):\n>       assert get_order_feed_instance.check_order_in_progress(get_new_user)\nE       AssertionError: assert False\nE        +  where False = check_order_in_progress((<Response [200]>, {'email': 'teresawilliams@example.net', 'name': 'theresa32', 'password': 'tYS2YnSc#u'}))\nE        +    where check_order_in_progress = <pages.order_page.OrderFeed object at 0x102a84800>.check_order_in_progress\n\ntests/test_order_page.py:20: AssertionError"}, "steps": [{"name": "Verify created order is displayed in In Process section", "status": "passed", "steps": [{"name": "Open url page", "status": "passed", "parameters": [{"name": "url", "value": "'https://stellarburgers.nomoreparties.site/feed'"}], "start": 1728086860008, "stop": 1728086861677}, {"name": "Create ingredient hashes for burger", "status": "passed", "steps": [{"name": "Get ingredient list and dict by type of ingredient", "status": "passed", "start": 1728086861677, "stop": 1728086862033}], "start": 1728086861677, "stop": 1728086862033}, {"name": "Create new order", "status": "passed", "parameters": [{"name": "ingredients", "value": "['61c0c5a71d1f82001bdaaa6d', '61c0c5a71d1f82001bdaaa75', '61c0c5a71d1f82001bdaaa77']"}, {"name": "token", "value": "'Bearer eyJhbGciOiJIUzI1NiIsInR5cCI6IkpXVCJ9.eyJpZCI6IjY3MDA4MzRiOWVkMjgwMDAxYjRkNGEyZiIsImlhdCI6MTcyODA4Njg1OSwiZXhwIjoxNzI4MDg4MDU5fQ.nCwI2aoB5l1qWKF3J4ra7NjG9Tn9LX4XdpHO7M4Flm0'"}], "start": 1728086862033, "stop": 1728086863766}, {"name": "Get element text", "status": "passed", "steps": [{"name": "Wait and find element by locator", "status": "passed", "parameters": [{"name": "locator", "value": "('xpath', \"//li[contains(@class, 'text_type_digits-default')]\")"}], "start": 1728086863767, "stop": 1728086863793}], "parameters": [{"name": "locator", "value": "('xpath', \"//li[contains(@class, 'text_type_digits-default')]\")"}], "start": 1728086863767, "stop": 1728086863797}], "parameters": [{"name": "new_user", "value": "(<Response [200]>, {'email': 'teresawilliams@example.net', 'password': 'tYS2YnSc#u', 'name': 'theresa32'})"}], "start": 1728086860008, "stop": 1728086863797}], "parameters": [{"name": "get_driver", "value": "'firefox'"}], "start": 1728086860008, "stop": 1728086863798, "uuid": "d4766907-e1da-4785-909d-41fbb8b5f034", "historyId": "a9ffab978facafd6bf04e2bc22942e23", "testCaseId": "25e08268aa095e19d162f817d643ad8c", "fullName": "tests.test_order_page.TestOrderFeed#test_check_order_in_progress", "labels": [{"name": "parentSuite", "value": "tests"}, {"name": "suite", "value": "test_order_page"}, {"name": "subSuite", "value": "TestOrderFeed"}, {"name": "host", "value": "mac.lan"}, {"name": "thread", "value": "81917-MainThread"}, {"name": "framework", "value": "pytest"}, {"name": "language", "value": "cpython3"}, {"name": "package", "value": "tests.test_order_page"}]}