{"name": "Verify created order is displayed in 'In Process' section", "status": "failed", "statusDetails": {"message": "AssertionError: assert False\n +  where False = check_order_in_progress((<Response [200]>, {'email': 'jasontaylor@example.net', 'name': 'kbowman', 'password': 'IQau26Fk%!'}))\n +    where check_order_in_progress = <pages.order_page.OrderFeed object at 0x104732de0>.check_order_in_progress", "trace": "self = <test_order_page.TestOrderFeed object at 0x102a20830>, get_order_feed_instance = <pages.order_page.OrderFeed object at 0x104732de0>\nget_new_user = (<Response [200]>, {'email': 'jasontaylor@example.net', 'name': 'kbowman', 'password': 'IQau26Fk%!'})\n\n    @allure.title(\"Verify created order is displayed in 'In Process' section\")\n    def test_check_order_in_progress(self, get_order_feed_instance, get_new_user):\n>       assert get_order_feed_instance.check_order_in_progress(get_new_user)\nE       AssertionError: assert False\nE        +  where False = check_order_in_progress((<Response [200]>, {'email': 'jasontaylor@example.net', 'name': 'kbowman', 'password': 'IQau26Fk%!'}))\nE        +    where check_order_in_progress = <pages.order_page.OrderFeed object at 0x104732de0>.check_order_in_progress\n\ntests/test_order_page.py:20: AssertionError"}, "steps": [{"name": "Verify created order is displayed in In Process section", "status": "passed", "steps": [{"name": "Open url page", "status": "passed", "parameters": [{"name": "url", "value": "'https://stellarburgers.nomoreparties.site/feed'"}], "start": 1728090067826, "stop": 1728090068611}, {"name": "Create ingredient hashes for burger", "status": "passed", "steps": [{"name": "Get ingredient list and dict by type of ingredient", "status": "passed", "start": 1728090068611, "stop": 1728090068972}], "start": 1728090068611, "stop": 1728090068972}, {"name": "Create new order", "status": "passed", "parameters": [{"name": "ingredients", "value": "['61c0c5a71d1f82001bdaaa6d', '61c0c5a71d1f82001bdaaa75', '61c0c5a71d1f82001bdaaa77']"}, {"name": "token", "value": "'Bearer eyJhbGciOiJIUzI1NiIsInR5cCI6IkpXVCJ9.eyJpZCI6IjY3MDA4ZmQzOWVkMjgwMDAxYjRkNGE4YSIsImlhdCI6MTcyODA5MDA2NywiZXhwIjoxNzI4MDkxMjY3fQ.te2ArJJYKVeRfrGPHDl2S94eifKFV3-2C988qMfbpuA'"}], "start": 1728090068972, "stop": 1728090070752}, {"name": "Get element text", "status": "passed", "steps": [{"name": "Wait and find element by locator", "status": "passed", "parameters": [{"name": "locator", "value": "('xpath', \"//li[contains(@class, 'text_type_digits-default')]\")"}], "start": 1728090070753, "stop": 1728090070780}], "parameters": [{"name": "locator", "value": "('xpath', \"//li[contains(@class, 'text_type_digits-default')]\")"}], "start": 1728090070753, "stop": 1728090070785}], "parameters": [{"name": "new_user", "value": "(<Response [200]>, {'email': 'jasontaylor@example.net', 'password': 'IQau26Fk%!', 'name': 'kbowman'})"}], "start": 1728090067826, "stop": 1728090070785}], "parameters": [{"name": "get_driver", "value": "'firefox'"}], "start": 1728090067826, "stop": 1728090070785, "uuid": "cb6574eb-df7f-4c06-af57-58759b405833", "historyId": "a9ffab978facafd6bf04e2bc22942e23", "testCaseId": "25e08268aa095e19d162f817d643ad8c", "fullName": "tests.test_order_page.TestOrderFeed#test_check_order_in_progress", "labels": [{"name": "parentSuite", "value": "tests"}, {"name": "suite", "value": "test_order_page"}, {"name": "subSuite", "value": "TestOrderFeed"}, {"name": "host", "value": "mac.lan"}, {"name": "thread", "value": "84223-MainThread"}, {"name": "framework", "value": "pytest"}, {"name": "language", "value": "cpython3"}, {"name": "package", "value": "tests.test_order_page"}]}