{"name": "Verify created order is displayed in 'In Process' section", "status": "failed", "statusDetails": {"message": "AssertionError: assert False\n +  where False = check_order_in_progress((<Response [200]>, {'email': 'michaelhall@example.com', 'name': 'heatherwright', 'password': 'Kd3XufhDY&'}))\n +    where check_order_in_progress = <pages.order_page.OrderFeed object at 0x107174e30>.check_order_in_progress", "trace": "self = <test_order_page.TestOrderFeed object at 0x106d21370>, get_order_feed_instance = <pages.order_page.OrderFeed object at 0x107174e30>\nget_new_user = (<Response [200]>, {'email': 'michaelhall@example.com', 'name': 'heatherwright', 'password': 'Kd3XufhDY&'})\n\n    @allure.title(\"Verify created order is displayed in 'In Process' section\")\n    def test_check_order_in_progress(self, get_order_feed_instance, get_new_user):\n>       assert get_order_feed_instance.check_order_in_progress(get_new_user)\nE       AssertionError: assert False\nE        +  where False = check_order_in_progress((<Response [200]>, {'email': 'michaelhall@example.com', 'name': 'heatherwright', 'password': 'Kd3XufhDY&'}))\nE        +    where check_order_in_progress = <pages.order_page.OrderFeed object at 0x107174e30>.check_order_in_progress\n\ntests/test_order_page.py:20: AssertionError"}, "steps": [{"name": "Verify created order is displayed in In Process section", "status": "passed", "steps": [{"name": "Open url page", "status": "passed", "parameters": [{"name": "url", "value": "'https://stellarburgers.nomoreparties.site/feed'"}], "start": 1728091135678, "stop": 1728091136687}, {"name": "Create ingredient hashes for burger", "status": "passed", "steps": [{"name": "Get ingredient list and dict by type of ingredient", "status": "passed", "start": 1728091136687, "stop": 1728091137080}], "start": 1728091136687, "stop": 1728091137080}, {"name": "Create new order", "status": "passed", "parameters": [{"name": "ingredients", "value": "['61c0c5a71d1f82001bdaaa6c', '61c0c5a71d1f82001bdaaa73', '61c0c5a71d1f82001bdaaa6f']"}, {"name": "token", "value": "'Bearer eyJhbGciOiJIUzI1NiIsInR5cCI6IkpXVCJ9.eyJpZCI6IjY3MDA5M2ZmOWVkMjgwMDAxYjRkNGFiNSIsImlhdCI6MTcyODA5MTEzNSwiZXhwIjoxNzI4MDkyMzM1fQ.JRb-GNIKdh6B1at5vcudLewlwftDMEmXpcBE3cnwt4o'"}], "start": 1728091137080, "stop": 1728091138727}, {"name": "Get element text", "status": "passed", "steps": [{"name": "Wait and find element by locator", "status": "passed", "parameters": [{"name": "locator", "value": "('xpath', \"//li[contains(@class, 'text_type_digits-default')]\")"}], "start": 1728091138754, "stop": 1728091138761}], "parameters": [{"name": "locator", "value": "('xpath', \"//li[contains(@class, 'text_type_digits-default')]\")"}], "start": 1728091138754, "stop": 1728091138765}], "parameters": [{"name": "new_user", "value": "(<Response [200]>, {'email': 'michaelhall@example.com', 'password': 'Kd3XufhDY&', 'name': 'heatherwright'})"}], "start": 1728091135678, "stop": 1728091138766}], "parameters": [{"name": "get_driver", "value": "'firefox'"}], "start": 1728091135678, "stop": 1728091138766, "uuid": "9d7b92d3-1607-47b2-85f7-29a429dd6124", "historyId": "a9ffab978facafd6bf04e2bc22942e23", "testCaseId": "25e08268aa095e19d162f817d643ad8c", "fullName": "tests.test_order_page.TestOrderFeed#test_check_order_in_progress", "labels": [{"name": "parentSuite", "value": "tests"}, {"name": "suite", "value": "test_order_page"}, {"name": "subSuite", "value": "TestOrderFeed"}, {"name": "host", "value": "mac.lan"}, {"name": "thread", "value": "86159-MainThread"}, {"name": "framework", "value": "pytest"}, {"name": "language", "value": "cpython3"}, {"name": "package", "value": "tests.test_order_page"}]}