{"name": "Verify created order is displayed in 'In Process' section", "status": "failed", "statusDetails": {"message": "AssertionError: assert False\n +  where False = check_order_in_progress((<Response [200]>, {'email': 'dtownsend@example.net', 'name': 'john35', 'password': 'lCV+34YcVr'}))\n +    where check_order_in_progress = <pages.order_page.OrderFeed object at 0x104dde810>.check_order_in_progress", "trace": "self = <test_order_page.TestOrderFeed object at 0x1049a8b60>, get_order_feed_instance = <pages.order_page.OrderFeed object at 0x104dde810>\nget_new_user = (<Response [200]>, {'email': 'dtownsend@example.net', 'name': 'john35', 'password': 'lCV+34YcVr'})\n\n    @allure.title(\"Verify created order is displayed in 'In Process' section\")\n    def test_check_order_in_progress(self, get_order_feed_instance, get_new_user):\n>       assert get_order_feed_instance.check_order_in_progress(get_new_user)\nE       AssertionError: assert False\nE        +  where False = check_order_in_progress((<Response [200]>, {'email': 'dtownsend@example.net', 'name': 'john35', 'password': 'lCV+34YcVr'}))\nE        +    where check_order_in_progress = <pages.order_page.OrderFeed object at 0x104dde810>.check_order_in_progress\n\ntests/test_order_page.py:20: AssertionError"}, "steps": [{"name": "Verify created order is displayed in In Process section", "status": "passed", "steps": [{"name": "Open url page", "status": "passed", "parameters": [{"name": "url", "value": "'https://stellarburgers.nomoreparties.site/feed'"}], "start": 1728091981019, "stop": 1728091982001}, {"name": "Create ingredient hashes for burger", "status": "passed", "steps": [{"name": "Get ingredient list and dict by type of ingredient", "status": "passed", "start": 1728091982002, "stop": 1728091982387}], "start": 1728091982002, "stop": 1728091982387}, {"name": "Create new order", "status": "passed", "parameters": [{"name": "ingredients", "value": "['61c0c5a71d1f82001bdaaa6d', '61c0c5a71d1f82001bdaaa73', '61c0c5a71d1f82001bdaaa70']"}, {"name": "token", "value": "'Bearer eyJhbGciOiJIUzI1NiIsInR5cCI6IkpXVCJ9.eyJpZCI6IjY3MDA5NzRjOWVkMjgwMDAxYjRkNGFiZCIsImlhdCI6MTcyODA5MTk4MCwiZXhwIjoxNzI4MDkzMTgwfQ.KtmNu_46bLXtrIT2I8H8C77EgWWCu-BXFj_gnqz5qi0'"}], "start": 1728091982387, "stop": 1728091984103}, {"name": "Get element text", "status": "passed", "steps": [{"name": "Wait and find element by locator", "status": "passed", "parameters": [{"name": "locator", "value": "('xpath', \"//li[contains(@class, 'text_type_digits-default')]\")"}], "start": 1728091984104, "stop": 1728091984130}], "parameters": [{"name": "locator", "value": "('xpath', \"//li[contains(@class, 'text_type_digits-default')]\")"}], "start": 1728091984104, "stop": 1728091984136}], "parameters": [{"name": "new_user", "value": "(<Response [200]>, {'email': 'dtownsend@example.net', 'password': 'lCV+34YcVr', 'name': 'john35'})"}], "start": 1728091981019, "stop": 1728091984136}], "parameters": [{"name": "get_driver", "value": "'firefox'"}], "start": 1728091981019, "stop": 1728091984136, "uuid": "9db8ab48-1d9a-4d8a-bec9-1aac5ad2a61f", "historyId": "a9ffab978facafd6bf04e2bc22942e23", "testCaseId": "25e08268aa095e19d162f817d643ad8c", "fullName": "tests.test_order_page.TestOrderFeed#test_check_order_in_progress", "labels": [{"name": "parentSuite", "value": "tests"}, {"name": "suite", "value": "test_order_page"}, {"name": "subSuite", "value": "TestOrderFeed"}, {"name": "host", "value": "mac.lan"}, {"name": "thread", "value": "86349-MainThread"}, {"name": "framework", "value": "pytest"}, {"name": "language", "value": "cpython3"}, {"name": "package", "value": "tests.test_order_page"}]}