{"name": "Verify created order is displayed in 'In Process' section", "status": "failed", "statusDetails": {"message": "AssertionError: assert False\n +  where False = check_order_in_progress((<Response [200]>, {'email': 'ddaniels@example.org', 'name': 'deborah12', 'password': '+)+dQ5ZmiX'}))\n +    where check_order_in_progress = <pages.order_page.OrderFeed object at 0x102f5c290>.check_order_in_progress", "trace": "self = <test_order_page.TestOrderFeed object at 0x102d98f20>, get_order_feed_instance = <pages.order_page.OrderFeed object at 0x102f5c290>\nget_new_user = (<Response [200]>, {'email': 'ddaniels@example.org', 'name': 'deborah12', 'password': '+)+dQ5ZmiX'})\n\n    @allure.title(\"Verify created order is displayed in 'In Process' section\")\n    def test_check_order_in_progress(self, get_order_feed_instance, get_new_user):\n>       assert get_order_feed_instance.check_order_in_progress(get_new_user)\nE       AssertionError: assert False\nE        +  where False = check_order_in_progress((<Response [200]>, {'email': 'ddaniels@example.org', 'name': 'deborah12', 'password': '+)+dQ5ZmiX'}))\nE        +    where check_order_in_progress = <pages.order_page.OrderFeed object at 0x102f5c290>.check_order_in_progress\n\ntests/test_order_page.py:20: AssertionError"}, "steps": [{"name": "Verify created order is displayed in In Process section", "status": "passed", "steps": [{"name": "Open url page", "status": "passed", "parameters": [{"name": "url", "value": "'https://stellarburgers.nomoreparties.site/feed'"}], "start": 1728086196344, "stop": 1728086197257}, {"name": "Create ingredient hashes for burger", "status": "passed", "steps": [{"name": "Get ingredient list and dict by type of ingredient", "status": "passed", "start": 1728086197257, "stop": 1728086197669}], "start": 1728086197257, "stop": 1728086197670}, {"name": "Create new order", "status": "passed", "parameters": [{"name": "ingredients", "value": "['61c0c5a71d1f82001bdaaa6c', '61c0c5a71d1f82001bdaaa73', '61c0c5a71d1f82001bdaaa6e']"}, {"name": "token", "value": "'Bearer eyJhbGciOiJIUzI1NiIsInR5cCI6IkpXVCJ9.eyJpZCI6IjY3MDA4MGI0OWVkMjgwMDAxYjRkNDljOSIsImlhdCI6MTcyODA4NjE5NiwiZXhwIjoxNzI4MDg3Mzk2fQ.sJmIN34s2zdzZbFIMCGk-se_9mvA_EfKj9ES1CYy8Co'"}], "start": 1728086197670, "stop": 1728086199316}, {"name": "Get element text", "status": "passed", "steps": [{"name": "Wait and find element by locator", "status": "passed", "parameters": [{"name": "locator", "value": "('xpath', \"//li[contains(@class, 'text_type_digits-default')]\")"}], "start": 1728086199317, "stop": 1728086199338}], "parameters": [{"name": "locator", "value": "('xpath', \"//li[contains(@class, 'text_type_digits-default')]\")"}], "start": 1728086199317, "stop": 1728086199342}], "parameters": [{"name": "new_user", "value": "(<Response [200]>, {'email': 'ddaniels@example.org', 'password': '+)+dQ5ZmiX', 'name': 'deborah12'})"}], "start": 1728086196344, "stop": 1728086199342}], "parameters": [{"name": "get_driver", "value": "'firefox'"}], "start": 1728086196344, "stop": 1728086199342, "uuid": "f89aa71d-de5d-4b7b-93f3-fa0056ff9ebb", "historyId": "a9ffab978facafd6bf04e2bc22942e23", "testCaseId": "25e08268aa095e19d162f817d643ad8c", "fullName": "tests.test_order_page.TestOrderFeed#test_check_order_in_progress", "labels": [{"name": "parentSuite", "value": "tests"}, {"name": "suite", "value": "test_order_page"}, {"name": "subSuite", "value": "TestOrderFeed"}, {"name": "host", "value": "mac.lan"}, {"name": "thread", "value": "81506-MainThread"}, {"name": "framework", "value": "pytest"}, {"name": "language", "value": "cpython3"}, {"name": "package", "value": "tests.test_order_page"}]}