{"name": "Verify created order is displayed in 'In Process' section", "status": "failed", "statusDetails": {"message": "AssertionError: assert False\n +  where False = check_order_in_progress((<Response [200]>, {'email': 'nicholebuck@example.net', 'name': 'jacob24', 'password': 'T0H76jue!r'}))\n +    where check_order_in_progress = <pages.order_page.OrderFeed object at 0x1030582c0>.check_order_in_progress", "trace": "self = <test_order_page.TestOrderFeed object at 0x102e8cf20>, get_order_feed_instance = <pages.order_page.OrderFeed object at 0x1030582c0>\nget_new_user = (<Response [200]>, {'email': 'nicholebuck@example.net', 'name': 'jacob24', 'password': 'T0H76jue!r'})\n\n    @allure.title(\"Verify created order is displayed in 'In Process' section\")\n    def test_check_order_in_progress(self, get_order_feed_instance, get_new_user):\n>       assert get_order_feed_instance.check_order_in_progress(get_new_user)\nE       AssertionError: assert False\nE        +  where False = check_order_in_progress((<Response [200]>, {'email': 'nicholebuck@example.net', 'name': 'jacob24', 'password': 'T0H76jue!r'}))\nE        +    where check_order_in_progress = <pages.order_page.OrderFeed object at 0x1030582c0>.check_order_in_progress\n\ntests/test_order_page.py:20: AssertionError"}, "steps": [{"name": "Verify created order is displayed in In Process section", "status": "passed", "steps": [{"name": "Open url page", "status": "passed", "parameters": [{"name": "url", "value": "'https://stellarburgers.nomoreparties.site/feed'"}], "start": 1728090399954, "stop": 1728090401035}, {"name": "Create ingredient hashes for burger", "status": "passed", "steps": [{"name": "Get ingredient list and dict by type of ingredient", "status": "passed", "start": 1728090401035, "stop": 1728090401409}], "start": 1728090401035, "stop": 1728090401409}, {"name": "Create new order", "status": "passed", "parameters": [{"name": "ingredients", "value": "['61c0c5a71d1f82001bdaaa6c', '61c0c5a71d1f82001bdaaa75', '61c0c5a71d1f82001bdaaa6f']"}, {"name": "token", "value": "'Bearer eyJhbGciOiJIUzI1NiIsInR5cCI6IkpXVCJ9.eyJpZCI6IjY3MDA5MTFmOWVkMjgwMDAxYjRkNGFhYiIsImlhdCI6MTcyODA5MDM5OSwiZXhwIjoxNzI4MDkxNTk5fQ.Efj-_S60RHldHY6wLXGnTSAktHJG3QoFFgzeaiNpbbM'"}], "start": 1728090401410, "stop": 1728090403015}, {"name": "Get element text", "status": "passed", "steps": [{"name": "Wait and find element by locator", "status": "passed", "parameters": [{"name": "locator", "value": "('xpath', \"//li[contains(@class, 'text_type_digits-default')]\")"}], "start": 1728090403016, "stop": 1728090403045}], "parameters": [{"name": "locator", "value": "('xpath', \"//li[contains(@class, 'text_type_digits-default')]\")"}], "start": 1728090403015, "stop": 1728090403050}], "parameters": [{"name": "new_user", "value": "(<Response [200]>, {'email': 'nicholebuck@example.net', 'password': 'T0H76jue!r', 'name': 'jacob24'})"}], "start": 1728090399954, "stop": 1728090403050}], "parameters": [{"name": "get_driver", "value": "'firefox'"}], "start": 1728090399954, "stop": 1728090403050, "uuid": "56a9c2c8-3b61-40db-87fb-9230b73a6e90", "historyId": "a9ffab978facafd6bf04e2bc22942e23", "testCaseId": "25e08268aa095e19d162f817d643ad8c", "fullName": "tests.test_order_page.TestOrderFeed#test_check_order_in_progress", "labels": [{"name": "parentSuite", "value": "tests"}, {"name": "suite", "value": "test_order_page"}, {"name": "subSuite", "value": "TestOrderFeed"}, {"name": "host", "value": "mac.lan"}, {"name": "thread", "value": "85988-MainThread"}, {"name": "framework", "value": "pytest"}, {"name": "language", "value": "cpython3"}, {"name": "package", "value": "tests.test_order_page"}]}