{"name": "Verify created order is displayed in 'In Process' section", "status": "failed", "statusDetails": {"message": "AssertionError: assert False\n +  where False = check_order_in_progress((<Response [200]>, {'email': 'carnold@example.com', 'name': 'ncrawford', 'password': ')bnUZ^Fm26'}))\n +    where check_order_in_progress = <pages.order_page.OrderFeed object at 0x106622510>.check_order_in_progress", "trace": "self = <test_order_page.TestOrderFeed object at 0x1066284d0>, get_order_feed_instance = <pages.order_page.OrderFeed object at 0x106622510>\nget_new_user = (<Response [200]>, {'email': 'carnold@example.com', 'name': 'ncrawford', 'password': ')bnUZ^Fm26'})\n\n    @allure.title(\"Verify created order is displayed in 'In Process' section\")\n    def test_check_order_in_progress(self, get_order_feed_instance, get_new_user):\n>       assert get_order_feed_instance.check_order_in_progress(get_new_user)\nE       AssertionError: assert False\nE        +  where False = check_order_in_progress((<Response [200]>, {'email': 'carnold@example.com', 'name': 'ncrawford', 'password': ')bnUZ^Fm26'}))\nE        +    where check_order_in_progress = <pages.order_page.OrderFeed object at 0x106622510>.check_order_in_progress\n\ntests/test_order_page.py:20: AssertionError"}, "steps": [{"name": "Verify created order is displayed in In Process section", "status": "passed", "steps": [{"name": "Open url page", "status": "passed", "parameters": [{"name": "url", "value": "'https://stellarburgers.nomoreparties.site/feed'"}], "start": 1728086870155, "stop": 1728086871179}, {"name": "Create ingredient hashes for burger", "status": "passed", "steps": [{"name": "Get ingredient list and dict by type of ingredient", "status": "passed", "start": 1728086871179, "stop": 1728086871536}], "start": 1728086871179, "stop": 1728086871536}, {"name": "Create new order", "status": "passed", "parameters": [{"name": "ingredients", "value": "['61c0c5a71d1f82001bdaaa6c', '61c0c5a71d1f82001bdaaa72', '61c0c5a71d1f82001bdaaa6f']"}, {"name": "token", "value": "'Bearer eyJhbGciOiJIUzI1NiIsInR5cCI6IkpXVCJ9.eyJpZCI6IjY3MDA4MzU2OWVkMjgwMDAxYjRkNGEzMiIsImlhdCI6MTcyODA4Njg3MCwiZXhwIjoxNzI4MDg4MDcwfQ.Htp6-Ag8yzQEy-nD6DYlRcdiY4njVr8crcr3DHr2O00'"}], "start": 1728086871536, "stop": 1728086873224}, {"name": "Get element text", "status": "passed", "steps": [{"name": "Wait and find element by locator", "status": "passed", "parameters": [{"name": "locator", "value": "('xpath', \"//li[contains(@class, 'text_type_digits-default')]\")"}], "start": 1728086873224, "stop": 1728086873246}], "parameters": [{"name": "locator", "value": "('xpath', \"//li[contains(@class, 'text_type_digits-default')]\")"}], "start": 1728086873224, "stop": 1728086873254}], "parameters": [{"name": "new_user", "value": "(<Response [200]>, {'email': 'carnold@example.com', 'password': ')bnUZ^Fm26', 'name': 'ncrawford'})"}], "start": 1728086870154, "stop": 1728086873254}], "parameters": [{"name": "get_driver", "value": "'chrome'"}], "start": 1728086870154, "stop": 1728086873254, "uuid": "dff4cc85-da9c-4ca2-b855-537be615ef84", "historyId": "ace771f2e513b71ce79eaf015d08ff9f", "testCaseId": "25e08268aa095e19d162f817d643ad8c", "fullName": "tests.test_order_page.TestOrderFeed#test_check_order_in_progress", "labels": [{"name": "parentSuite", "value": "tests"}, {"name": "suite", "value": "test_order_page"}, {"name": "subSuite", "value": "TestOrderFeed"}, {"name": "host", "value": "mac.lan"}, {"name": "thread", "value": "81981-MainThread"}, {"name": "framework", "value": "pytest"}, {"name": "language", "value": "cpython3"}, {"name": "package", "value": "tests.test_order_page"}]}