{"name": "Verify created order is displayed in 'In Process' section", "status": "failed", "statusDetails": {"message": "AssertionError: assert False\n +  where False = check_order_in_progress((<Response [200]>, {'email': 'icruz@example.org', 'name': 'ksanchez', 'password': 'F9KNqCl+%4'}))\n +    where check_order_in_progress = <pages.order_page.OrderFeed object at 0x1073356d0>.check_order_in_progress", "trace": "self = <test_order_page.TestOrderFeed object at 0x106ef0d10>, get_order_feed_instance = <pages.order_page.OrderFeed object at 0x1073356d0>\nget_new_user = (<Response [200]>, {'email': 'icruz@example.org', 'name': 'ksanchez', 'password': 'F9KNqCl+%4'})\n\n    @allure.title(\"Verify created order is displayed in 'In Process' section\")\n    def test_check_order_in_progress(self, get_order_feed_instance, get_new_user):\n>       assert get_order_feed_instance.check_order_in_progress(get_new_user)\nE       AssertionError: assert False\nE        +  where False = check_order_in_progress((<Response [200]>, {'email': 'icruz@example.org', 'name': 'ksanchez', 'password': 'F9KNqCl+%4'}))\nE        +    where check_order_in_progress = <pages.order_page.OrderFeed object at 0x1073356d0>.check_order_in_progress\n\ntests/test_order_page.py:20: AssertionError"}, "steps": [{"name": "Verify created order is displayed in In Process section", "status": "passed", "steps": [{"name": "Open url page", "status": "passed", "parameters": [{"name": "url", "value": "'https://stellarburgers.nomoreparties.site/feed'"}], "start": 1728086211173, "stop": 1728086212244}, {"name": "Create ingredient hashes for burger", "status": "passed", "steps": [{"name": "Get ingredient list and dict by type of ingredient", "status": "passed", "start": 1728086212244, "stop": 1728086212621}], "start": 1728086212244, "stop": 1728086212621}, {"name": "Create new order", "status": "passed", "parameters": [{"name": "ingredients", "value": "['61c0c5a71d1f82001bdaaa6d', '61c0c5a71d1f82001bdaaa74', '61c0c5a71d1f82001bdaaa6e']"}, {"name": "token", "value": "'Bearer eyJhbGciOiJIUzI1NiIsInR5cCI6IkpXVCJ9.eyJpZCI6IjY3MDA4MGMzOWVkMjgwMDAxYjRkNDljZiIsImlhdCI6MTcyODA4NjIxMSwiZXhwIjoxNzI4MDg3NDExfQ.-fMH6O5CZIKqHM4mYGH4RcaU7KJw6V0990PJ4GBiJAA'"}], "start": 1728086212622, "stop": 1728086214406}, {"name": "Get element text", "status": "passed", "steps": [{"name": "Wait and find element by locator", "status": "passed", "parameters": [{"name": "locator", "value": "('xpath', \"//li[contains(@class, 'text_type_digits-default')]\")"}], "start": 1728086214407, "stop": 1728086214433}], "parameters": [{"name": "locator", "value": "('xpath', \"//li[contains(@class, 'text_type_digits-default')]\")"}], "start": 1728086214407, "stop": 1728086214438}], "parameters": [{"name": "new_user", "value": "(<Response [200]>, {'email': 'icruz@example.org', 'password': 'F9KNqCl+%4', 'name': 'ksanchez'})"}], "start": 1728086211173, "stop": 1728086214438}], "parameters": [{"name": "get_driver", "value": "'firefox'"}], "start": 1728086211172, "stop": 1728086214438, "uuid": "37f646bc-541a-44cf-9bc2-64be0d09e1d7", "historyId": "a9ffab978facafd6bf04e2bc22942e23", "testCaseId": "25e08268aa095e19d162f817d643ad8c", "fullName": "tests.test_order_page.TestOrderFeed#test_check_order_in_progress", "labels": [{"name": "parentSuite", "value": "tests"}, {"name": "suite", "value": "test_order_page"}, {"name": "subSuite", "value": "TestOrderFeed"}, {"name": "host", "value": "mac.lan"}, {"name": "thread", "value": "81562-MainThread"}, {"name": "framework", "value": "pytest"}, {"name": "language", "value": "cpython3"}, {"name": "package", "value": "tests.test_order_page"}]}