{"name": "Verify created order is displayed in 'In Process' section", "status": "failed", "statusDetails": {"message": "AssertionError: assert False\n +  where False = check_order_in_progress((<Response [200]>, {'email': 'jacobsonjames@example.net', 'name': 'timothy46', 'password': 'gGu9(nrLg+'}))\n +    where check_order_in_progress = <pages.order_page.OrderFeed object at 0x104d6deb0>.check_order_in_progress", "trace": "self = <test_order_page.TestOrderFeed object at 0x104918e90>, get_order_feed_instance = <pages.order_page.OrderFeed object at 0x104d6deb0>\nget_new_user = (<Response [200]>, {'email': 'jacobsonjames@example.net', 'name': 'timothy46', 'password': 'gGu9(nrLg+'})\n\n    @allure.title(\"Verify created order is displayed in 'In Process' section\")\n    def test_check_order_in_progress(self, get_order_feed_instance, get_new_user):\n>       assert get_order_feed_instance.check_order_in_progress(get_new_user)\nE       AssertionError: assert False\nE        +  where False = check_order_in_progress((<Response [200]>, {'email': 'jacobsonjames@example.net', 'name': 'timothy46', 'password': 'gGu9(nrLg+'}))\nE        +    where check_order_in_progress = <pages.order_page.OrderFeed object at 0x104d6deb0>.check_order_in_progress\n\ntests/test_order_page.py:20: AssertionError"}, "steps": [{"name": "Verify created order is displayed in In Process section", "status": "passed", "steps": [{"name": "Open url page", "status": "passed", "parameters": [{"name": "url", "value": "'https://stellarburgers.nomoreparties.site/feed'"}], "start": 1728086149532, "stop": 1728086150442}, {"name": "Create ingredient hashes for burger", "status": "passed", "steps": [{"name": "Get ingredient list and dict by type of ingredient", "status": "passed", "start": 1728086150442, "stop": 1728086150807}], "start": 1728086150442, "stop": 1728086150807}, {"name": "Create new order", "status": "passed", "parameters": [{"name": "ingredients", "value": "['61c0c5a71d1f82001bdaaa6c', '61c0c5a71d1f82001bdaaa72', '61c0c5a71d1f82001bdaaa78']"}, {"name": "token", "value": "'Bearer eyJhbGciOiJIUzI1NiIsInR5cCI6IkpXVCJ9.eyJpZCI6IjY3MDA4MDg1OWVkMjgwMDAxYjRkNDk5OSIsImlhdCI6MTcyODA4NjE0OSwiZXhwIjoxNzI4MDg3MzQ5fQ.vxMN0ZU1vLlkNiBdykFMwR7rNAn1_KHMM1UvhscROEc'"}], "start": 1728086150807, "stop": 1728086152479}, {"name": "Get element text", "status": "passed", "steps": [{"name": "Wait and find element by locator", "status": "passed", "parameters": [{"name": "locator", "value": "('xpath', \"//li[contains(@class, 'text_type_digits-default')]\")"}], "start": 1728086152479, "stop": 1728086152498}], "parameters": [{"name": "locator", "value": "('xpath', \"//li[contains(@class, 'text_type_digits-default')]\")"}], "start": 1728086152479, "stop": 1728086152504}], "parameters": [{"name": "new_user", "value": "(<Response [200]>, {'email': 'jacobsonjames@example.net', 'password': 'gGu9(nrLg+', 'name': 'timothy46'})"}], "start": 1728086149532, "stop": 1728086152504}], "parameters": [{"name": "get_driver", "value": "'firefox'"}], "start": 1728086149531, "stop": 1728086152504, "uuid": "0c15af5d-f675-4411-9e00-47f239d415f9", "historyId": "a9ffab978facafd6bf04e2bc22942e23", "testCaseId": "25e08268aa095e19d162f817d643ad8c", "fullName": "tests.test_order_page.TestOrderFeed#test_check_order_in_progress", "labels": [{"name": "parentSuite", "value": "tests"}, {"name": "suite", "value": "test_order_page"}, {"name": "subSuite", "value": "TestOrderFeed"}, {"name": "host", "value": "mac.lan"}, {"name": "thread", "value": "81375-MainThread"}, {"name": "framework", "value": "pytest"}, {"name": "language", "value": "cpython3"}, {"name": "package", "value": "tests.test_order_page"}]}