{"name": "Verify created order is displayed in 'In Process' section", "status": "failed", "statusDetails": {"message": "AssertionError: assert False\n +  where False = check_order_in_progress((<Response [200]>, {'email': 'christina21@example.com', 'name': 'michaelzavala', 'password': '$1h^aN@rn4'}))\n +    where check_order_in_progress = <pages.order_page.OrderFeed object at 0x105160e30>.check_order_in_progress", "trace": "self = <test_order_page.TestOrderFeed object at 0x1050752e0>, get_order_feed_instance = <pages.order_page.OrderFeed object at 0x105160e30>\nget_new_user = (<Response [200]>, {'email': 'christina21@example.com', 'name': 'michaelzavala', 'password': '$1h^aN@rn4'})\n\n    @allure.title(\"Verify created order is displayed in 'In Process' section\")\n    def test_check_order_in_progress(self, get_order_feed_instance, get_new_user):\n>       assert get_order_feed_instance.check_order_in_progress(get_new_user)\nE       AssertionError: assert False\nE        +  where False = check_order_in_progress((<Response [200]>, {'email': 'christina21@example.com', 'name': 'michaelzavala', 'password': '$1h^aN@rn4'}))\nE        +    where check_order_in_progress = <pages.order_page.OrderFeed object at 0x105160e30>.check_order_in_progress\n\ntests/test_order_page.py:20: AssertionError"}, "steps": [{"name": "Verify created order is displayed in In Process section", "status": "passed", "steps": [{"name": "Open url page", "status": "passed", "parameters": [{"name": "url", "value": "'https://stellarburgers.nomoreparties.site/feed'"}], "start": 1728086179336, "stop": 1728086180352}, {"name": "Create ingredient hashes for burger", "status": "passed", "steps": [{"name": "Get ingredient list and dict by type of ingredient", "status": "passed", "start": 1728086180352, "stop": 1728086180731}], "start": 1728086180352, "stop": 1728086180731}, {"name": "Create new order", "status": "passed", "parameters": [{"name": "ingredients", "value": "['61c0c5a71d1f82001bdaaa6d', '61c0c5a71d1f82001bdaaa73', '61c0c5a71d1f82001bdaaa70']"}, {"name": "token", "value": "'Bearer eyJhbGciOiJIUzI1NiIsInR5cCI6IkpXVCJ9.eyJpZCI6IjY3MDA4MGEzOWVkMjgwMDAxYjRkNDliOCIsImlhdCI6MTcyODA4NjE3OSwiZXhwIjoxNzI4MDg3Mzc5fQ.4_-INot_2m35HT8JQAyOhpErGoIFm2vqrRngn6bQrJM'"}], "start": 1728086180731, "stop": 1728086182531}, {"name": "Get element text", "status": "passed", "steps": [{"name": "Wait and find element by locator", "status": "passed", "parameters": [{"name": "locator", "value": "('xpath', \"//li[contains(@class, 'text_type_digits-default')]\")"}], "start": 1728086182531, "stop": 1728086182558}], "parameters": [{"name": "locator", "value": "('xpath', \"//li[contains(@class, 'text_type_digits-default')]\")"}], "start": 1728086182531, "stop": 1728086182563}], "parameters": [{"name": "new_user", "value": "(<Response [200]>, {'email': 'christina21@example.com', 'password': '$1h^aN@rn4', 'name': 'michaelzavala'})"}], "start": 1728086179336, "stop": 1728086182563}], "parameters": [{"name": "get_driver", "value": "'firefox'"}], "start": 1728086179336, "stop": 1728086182564, "uuid": "8c07aca2-aac9-4430-a31f-95afb58ef28c", "historyId": "a9ffab978facafd6bf04e2bc22942e23", "testCaseId": "25e08268aa095e19d162f817d643ad8c", "fullName": "tests.test_order_page.TestOrderFeed#test_check_order_in_progress", "labels": [{"name": "parentSuite", "value": "tests"}, {"name": "suite", "value": "test_order_page"}, {"name": "subSuite", "value": "TestOrderFeed"}, {"name": "host", "value": "mac.lan"}, {"name": "thread", "value": "81446-MainThread"}, {"name": "framework", "value": "pytest"}, {"name": "language", "value": "cpython3"}, {"name": "package", "value": "tests.test_order_page"}]}