{"name": "Verify created order is displayed in 'In Process' section", "status": "failed", "statusDetails": {"message": "AssertionError: assert False\n +  where False = check_order_in_progress((<Response [200]>, {'email': 'meredithsullivan@example.com', 'name': 'marvin47', 'password': 'Ygo79+Sft_'}))\n +    where check_order_in_progress = <pages.order_page.OrderFeed object at 0x106ebadb0>.check_order_in_progress", "trace": "self = <test_order_page.TestOrderFeed object at 0x106ef0920>, get_order_feed_instance = <pages.order_page.OrderFeed object at 0x106ebadb0>\nget_new_user = (<Response [200]>, {'email': 'meredithsullivan@example.com', 'name': 'marvin47', 'password': 'Ygo79+Sft_'})\n\n    @allure.title(\"Verify created order is displayed in 'In Process' section\")\n    def test_check_order_in_progress(self, get_order_feed_instance, get_new_user):\n>       assert get_order_feed_instance.check_order_in_progress(get_new_user)\nE       AssertionError: assert False\nE        +  where False = check_order_in_progress((<Response [200]>, {'email': 'meredithsullivan@example.com', 'name': 'marvin47', 'password': 'Ygo79+Sft_'}))\nE        +    where check_order_in_progress = <pages.order_page.OrderFeed object at 0x106ebadb0>.check_order_in_progress\n\ntests/test_order_page.py:20: AssertionError"}, "steps": [{"name": "Verify created order is displayed in In Process section", "status": "passed", "steps": [{"name": "Open url page", "status": "passed", "parameters": [{"name": "url", "value": "'https://stellarburgers.nomoreparties.site/feed'"}], "start": 1728086205368, "stop": 1728086206283}, {"name": "Create ingredient hashes for burger", "status": "passed", "steps": [{"name": "Get ingredient list and dict by type of ingredient", "status": "passed", "start": 1728086206284, "stop": 1728086206505}], "start": 1728086206284, "stop": 1728086206505}, {"name": "Create new order", "status": "passed", "parameters": [{"name": "ingredients", "value": "['61c0c5a71d1f82001bdaaa6d', '61c0c5a71d1f82001bdaaa73', '61c0c5a71d1f82001bdaaa76']"}, {"name": "token", "value": "'Bearer eyJhbGciOiJIUzI1NiIsInR5cCI6IkpXVCJ9.eyJpZCI6IjY3MDA4MGJkOWVkMjgwMDAxYjRkNDljYyIsImlhdCI6MTcyODA4NjIwNSwiZXhwIjoxNzI4MDg3NDA1fQ.CTfWxkAryfshGITVrZitqlXG5LXTtKIN7YhKg16kzhE'"}], "start": 1728086206506, "stop": 1728086208274}, {"name": "Get element text", "status": "passed", "steps": [{"name": "Wait and find element by locator", "status": "passed", "parameters": [{"name": "locator", "value": "('xpath', \"//li[contains(@class, 'text_type_digits-default')]\")"}], "start": 1728086208274, "stop": 1728086208298}], "parameters": [{"name": "locator", "value": "('xpath', \"//li[contains(@class, 'text_type_digits-default')]\")"}], "start": 1728086208274, "stop": 1728086208306}], "parameters": [{"name": "new_user", "value": "(<Response [200]>, {'email': 'meredithsullivan@example.com', 'password': 'Ygo79+Sft_', 'name': 'marvin47'})"}], "start": 1728086205368, "stop": 1728086208306}], "parameters": [{"name": "get_driver", "value": "'chrome'"}], "start": 1728086205368, "stop": 1728086208306, "uuid": "4c9ae89f-fb3d-4093-aa74-36033b628bf9", "historyId": "ace771f2e513b71ce79eaf015d08ff9f", "testCaseId": "25e08268aa095e19d162f817d643ad8c", "fullName": "tests.test_order_page.TestOrderFeed#test_check_order_in_progress", "labels": [{"name": "parentSuite", "value": "tests"}, {"name": "suite", "value": "test_order_page"}, {"name": "subSuite", "value": "TestOrderFeed"}, {"name": "host", "value": "mac.lan"}, {"name": "thread", "value": "81562-MainThread"}, {"name": "framework", "value": "pytest"}, {"name": "language", "value": "cpython3"}, {"name": "package", "value": "tests.test_order_page"}]}