{"name": "Verify created order is displayed in 'In Process' section", "status": "failed", "statusDetails": {"message": "AssertionError: assert False\n +  where False = check_order_in_progress((<Response [200]>, {'email': 'doylejessica@example.com', 'name': 'edwardrichardson', 'password': '5Q78F(AyX@'}))\n +    where check_order_in_progress = <pages.order_page.OrderFeed object at 0x102eb3860>.check_order_in_progress", "trace": "self = <test_order_page.TestOrderFeed object at 0x102e8cb30>, get_order_feed_instance = <pages.order_page.OrderFeed object at 0x102eb3860>\nget_new_user = (<Response [200]>, {'email': 'doylejessica@example.com', 'name': 'edwardrichardson', 'password': '5Q78F(AyX@'})\n\n    @allure.title(\"Verify created order is displayed in 'In Process' section\")\n    def test_check_order_in_progress(self, get_order_feed_instance, get_new_user):\n>       assert get_order_feed_instance.check_order_in_progress(get_new_user)\nE       AssertionError: assert False\nE        +  where False = check_order_in_progress((<Response [200]>, {'email': 'doylejessica@example.com', 'name': 'edwardrichardson', 'password': '5Q78F(AyX@'}))\nE        +    where check_order_in_progress = <pages.order_page.OrderFeed object at 0x102eb3860>.check_order_in_progress\n\ntests/test_order_page.py:20: AssertionError"}, "steps": [{"name": "Verify created order is displayed in In Process section", "status": "passed", "steps": [{"name": "Open url page", "status": "passed", "parameters": [{"name": "url", "value": "'https://stellarburgers.nomoreparties.site/feed'"}], "start": 1728090392934, "stop": 1728090394304}, {"name": "Create ingredient hashes for burger", "status": "passed", "steps": [{"name": "Get ingredient list and dict by type of ingredient", "status": "passed", "start": 1728090394304, "stop": 1728090394686}], "start": 1728090394304, "stop": 1728090394686}, {"name": "Create new order", "status": "passed", "parameters": [{"name": "ingredients", "value": "['61c0c5a71d1f82001bdaaa6d', '61c0c5a71d1f82001bdaaa74', '61c0c5a71d1f82001bdaaa6e']"}, {"name": "token", "value": "'Bearer eyJhbGciOiJIUzI1NiIsInR5cCI6IkpXVCJ9.eyJpZCI6IjY3MDA5MTE4OWVkMjgwMDAxYjRkNGFhOCIsImlhdCI6MTcyODA5MDM5MiwiZXhwIjoxNzI4MDkxNTkyfQ.EWkm-k88QUNOFdVM0pSO3TivtUC694ufe7wy2ZjdP4c'"}], "start": 1728090394687, "stop": 1728090396516}, {"name": "Get element text", "status": "passed", "steps": [{"name": "Wait and find element by locator", "status": "passed", "parameters": [{"name": "locator", "value": "('xpath', \"//li[contains(@class, 'text_type_digits-default')]\")"}], "start": 1728090396516, "stop": 1728090396543}], "parameters": [{"name": "locator", "value": "('xpath', \"//li[contains(@class, 'text_type_digits-default')]\")"}], "start": 1728090396516, "stop": 1728090396550}], "parameters": [{"name": "new_user", "value": "(<Response [200]>, {'email': 'doylejessica@example.com', 'password': '5Q78F(AyX@', 'name': 'edwardrichardson'})"}], "start": 1728090392934, "stop": 1728090396550}], "parameters": [{"name": "get_driver", "value": "'chrome'"}], "start": 1728090392934, "stop": 1728090396551, "uuid": "22c9c9af-cc62-4006-80bf-40593d555c5a", "historyId": "ace771f2e513b71ce79eaf015d08ff9f", "testCaseId": "25e08268aa095e19d162f817d643ad8c", "fullName": "tests.test_order_page.TestOrderFeed#test_check_order_in_progress", "labels": [{"name": "parentSuite", "value": "tests"}, {"name": "suite", "value": "test_order_page"}, {"name": "subSuite", "value": "TestOrderFeed"}, {"name": "host", "value": "mac.lan"}, {"name": "thread", "value": "85988-MainThread"}, {"name": "framework", "value": "pytest"}, {"name": "language", "value": "cpython3"}, {"name": "package", "value": "tests.test_order_page"}]}