{"name": "Verify created order is displayed in 'In Process' section", "status": "failed", "statusDetails": {"message": "AssertionError: assert False\n +  where False = check_order_in_progress((<Response [200]>, {'email': 'lawrence84@example.net', 'name': 'martinezmichele', 'password': 'qd@3DVCe1O'}))\n +    where check_order_in_progress = <pages.order_page.OrderFeed object at 0x10485ed20>.check_order_in_progress", "trace": "self = <test_order_page.TestOrderFeed object at 0x10537c9e0>, get_order_feed_instance = <pages.order_page.OrderFeed object at 0x10485ed20>\nget_new_user = (<Response [200]>, {'email': 'lawrence84@example.net', 'name': 'martinezmichele', 'password': 'qd@3DVCe1O'})\n\n    @allure.title(\"Verify created order is displayed in 'In Process' section\")\n    def test_check_order_in_progress(self, get_order_feed_instance, get_new_user):\n>       assert get_order_feed_instance.check_order_in_progress(get_new_user)\nE       AssertionError: assert False\nE        +  where False = check_order_in_progress((<Response [200]>, {'email': 'lawrence84@example.net', 'name': 'martinezmichele', 'password': 'qd@3DVCe1O'}))\nE        +    where check_order_in_progress = <pages.order_page.OrderFeed object at 0x10485ed20>.check_order_in_progress\n\ntests/test_order_page.py:20: AssertionError"}, "steps": [{"name": "Verify created order is displayed in In Process section", "status": "passed", "steps": [{"name": "Open url page", "status": "passed", "parameters": [{"name": "url", "value": "'https://stellarburgers.nomoreparties.site/feed'"}], "start": 1728092250536, "stop": 1728092251835}, {"name": "Create ingredient hashes for burger", "status": "passed", "steps": [{"name": "Get ingredient list and dict by type of ingredient", "status": "passed", "start": 1728092251836, "stop": 1728092252208}], "start": 1728092251836, "stop": 1728092252208}, {"name": "Create new order", "status": "passed", "parameters": [{"name": "ingredients", "value": "['61c0c5a71d1f82001bdaaa6d', '61c0c5a71d1f82001bdaaa73', '61c0c5a71d1f82001bdaaa7a']"}, {"name": "token", "value": "'Bearer eyJhbGciOiJIUzI1NiIsInR5cCI6IkpXVCJ9.eyJpZCI6IjY3MDA5ODVhOWVkMjgwMDAxYjRkNGFjNiIsImlhdCI6MTcyODA5MjI1MCwiZXhwIjoxNzI4MDkzNDUwfQ.ze4aQHMNrx833I22O3SGZvyXcMHafNU7K37D3SXzcuA'"}], "start": 1728092252208, "stop": 1728092254014}, {"name": "Get element text", "status": "passed", "steps": [{"name": "Wait and find element by locator", "status": "passed", "parameters": [{"name": "locator", "value": "('xpath', \"//li[contains(@class, 'text_type_digits-default')]\")"}], "start": 1728092254015, "stop": 1728092254047}], "parameters": [{"name": "locator", "value": "('xpath', \"//li[contains(@class, 'text_type_digits-default')]\")"}], "start": 1728092254015, "stop": 1728092254055}], "parameters": [{"name": "new_user", "value": "(<Response [200]>, {'email': 'lawrence84@example.net', 'password': 'qd@3DVCe1O', 'name': 'martinezmichele'})"}], "start": 1728092250536, "stop": 1728092254055}], "attachments": [{"name": "stdout", "source": "52624e75-f753-4b86-a0f3-dddf69aea072-attachment.txt", "type": "text/plain"}], "parameters": [{"name": "get_driver", "value": "'chrome'"}], "start": 1728092250535, "stop": 1728092254056, "uuid": "2fd53eca-0ee8-46f4-8169-7286e67fabaa", "historyId": "ace771f2e513b71ce79eaf015d08ff9f", "testCaseId": "25e08268aa095e19d162f817d643ad8c", "fullName": "tests.test_order_page.TestOrderFeed#test_check_order_in_progress", "labels": [{"name": "parentSuite", "value": "tests"}, {"name": "suite", "value": "test_order_page"}, {"name": "subSuite", "value": "TestOrderFeed"}, {"name": "host", "value": "mac.lan"}, {"name": "thread", "value": "86519-MainThread"}, {"name": "framework", "value": "pytest"}, {"name": "language", "value": "cpython3"}, {"name": "package", "value": "tests.test_order_page"}]}