{"name": "Verify created order is displayed in 'In Process' section", "status": "failed", "statusDetails": {"message": "AssertionError: assert False\n +  where False = check_order_in_progress((<Response [200]>, {'email': 'reyesdavid@example.com', 'name': 'wperez', 'password': '(4jR&eXjeC'}))\n +    where check_order_in_progress = <pages.order_page.OrderFeed object at 0x106d030e0>.check_order_in_progress", "trace": "self = <test_order_page.TestOrderFeed object at 0x106d20f80>, get_order_feed_instance = <pages.order_page.OrderFeed object at 0x106d030e0>\nget_new_user = (<Response [200]>, {'email': 'reyesdavid@example.com', 'name': 'wperez', 'password': '(4jR&eXjeC'})\n\n    @allure.title(\"Verify created order is displayed in 'In Process' section\")\n    def test_check_order_in_progress(self, get_order_feed_instance, get_new_user):\n>       assert get_order_feed_instance.check_order_in_progress(get_new_user)\nE       AssertionError: assert False\nE        +  where False = check_order_in_progress((<Response [200]>, {'email': 'reyesdavid@example.com', 'name': 'wperez', 'password': '(4jR&eXjeC'}))\nE        +    where check_order_in_progress = <pages.order_page.OrderFeed object at 0x106d030e0>.check_order_in_progress\n\ntests/test_order_page.py:20: AssertionError"}, "steps": [{"name": "Verify created order is displayed in In Process section", "status": "passed", "steps": [{"name": "Open url page", "status": "passed", "parameters": [{"name": "url", "value": "'https://stellarburgers.nomoreparties.site/feed'"}], "start": 1728091127129, "stop": 1728091130377}, {"name": "Create ingredient hashes for burger", "status": "passed", "steps": [{"name": "Get ingredient list and dict by type of ingredient", "status": "passed", "start": 1728091130378, "stop": 1728091130749}], "start": 1728091130378, "stop": 1728091130749}, {"name": "Create new order", "status": "passed", "parameters": [{"name": "ingredients", "value": "['61c0c5a71d1f82001bdaaa6d', '61c0c5a71d1f82001bdaaa74', '61c0c5a71d1f82001bdaaa70']"}, {"name": "token", "value": "'Bearer eyJhbGciOiJIUzI1NiIsInR5cCI6IkpXVCJ9.eyJpZCI6IjY3MDA5M2Y3OWVkMjgwMDAxYjRkNGFiMiIsImlhdCI6MTcyODA5MTEyNywiZXhwIjoxNzI4MDkyMzI3fQ.oWroDkoEw5HdvDHzRTB0QTlz-5HEH7CtwJwfVTptbXs'"}], "start": 1728091130749, "stop": 1728091132452}, {"name": "Get element text", "status": "passed", "steps": [{"name": "Wait and find element by locator", "status": "passed", "parameters": [{"name": "locator", "value": "('xpath', \"//li[contains(@class, 'text_type_digits-default')]\")"}], "start": 1728091132474, "stop": 1728091132487}], "parameters": [{"name": "locator", "value": "('xpath', \"//li[contains(@class, 'text_type_digits-default')]\")"}], "start": 1728091132474, "stop": 1728091132495}], "parameters": [{"name": "new_user", "value": "(<Response [200]>, {'email': 'reyesdavid@example.com', 'password': '(4jR&eXjeC', 'name': 'wperez'})"}], "start": 1728091127128, "stop": 1728091132495}], "parameters": [{"name": "get_driver", "value": "'chrome'"}], "start": 1728091127128, "stop": 1728091132495, "uuid": "13a69de7-fa94-4e9a-8c92-409deb04fb49", "historyId": "ace771f2e513b71ce79eaf015d08ff9f", "testCaseId": "25e08268aa095e19d162f817d643ad8c", "fullName": "tests.test_order_page.TestOrderFeed#test_check_order_in_progress", "labels": [{"name": "parentSuite", "value": "tests"}, {"name": "suite", "value": "test_order_page"}, {"name": "subSuite", "value": "TestOrderFeed"}, {"name": "host", "value": "mac.lan"}, {"name": "thread", "value": "86159-MainThread"}, {"name": "framework", "value": "pytest"}, {"name": "language", "value": "cpython3"}, {"name": "package", "value": "tests.test_order_page"}]}