{"name": "Verify created order is displayed in 'In Process' section", "status": "failed", "statusDetails": {"message": "AssertionError: assert False\n +  where False = check_order_in_progress((<Response [200]>, {'email': 'elizabethrobertson@example.com', 'name': 'linda09', 'password': '8%a*46mg8B'}))\n +    where check_order_in_progress = <pages.order_page.OrderFeed object at 0x102676810>.check_order_in_progress", "trace": "self = <test_order_page.TestOrderFeed object at 0x102224ef0>, get_order_feed_instance = <pages.order_page.OrderFeed object at 0x102676810>\nget_new_user = (<Response [200]>, {'email': 'elizabethrobertson@example.com', 'name': 'linda09', 'password': '8%a*46mg8B'})\n\n    @allure.title(\"Verify created order is displayed in 'In Process' section\")\n    def test_check_order_in_progress(self, get_order_feed_instance, get_new_user):\n>       assert get_order_feed_instance.check_order_in_progress(get_new_user)\nE       AssertionError: assert False\nE        +  where False = check_order_in_progress((<Response [200]>, {'email': 'elizabethrobertson@example.com', 'name': 'linda09', 'password': '8%a*46mg8B'}))\nE        +    where check_order_in_progress = <pages.order_page.OrderFeed object at 0x102676810>.check_order_in_progress\n\ntests/test_order_page.py:20: AssertionError"}, "steps": [{"name": "Verify created order is displayed in In Process section", "status": "passed", "steps": [{"name": "Open url page", "status": "passed", "parameters": [{"name": "url", "value": "'https://stellarburgers.nomoreparties.site/feed'"}], "start": 1728086622042, "stop": 1728086623225}, {"name": "Create ingredient hashes for burger", "status": "passed", "steps": [{"name": "Get ingredient list and dict by type of ingredient", "status": "passed", "start": 1728086623225, "stop": 1728086623453}], "start": 1728086623225, "stop": 1728086623453}, {"name": "Create new order", "status": "passed", "parameters": [{"name": "ingredients", "value": "['61c0c5a71d1f82001bdaaa6d', '61c0c5a71d1f82001bdaaa73', '61c0c5a71d1f82001bdaaa7a']"}, {"name": "token", "value": "'Bearer eyJhbGciOiJIUzI1NiIsInR5cCI6IkpXVCJ9.eyJpZCI6IjY3MDA4MjVkOWVkMjgwMDAxYjRkNGEyOSIsImlhdCI6MTcyODA4NjYyMSwiZXhwIjoxNzI4MDg3ODIxfQ.GxMzzHkrsA5kRQP1FGQiGA-BvM-6yLuyTXEsVxd3y2c'"}], "start": 1728086623453, "stop": 1728086625206}, {"name": "Get element text", "status": "passed", "steps": [{"name": "Wait and find element by locator", "status": "passed", "parameters": [{"name": "locator", "value": "('xpath', \"//li[contains(@class, 'text_type_digits-default')]\")"}], "start": 1728086625207, "stop": 1728086625228}], "parameters": [{"name": "locator", "value": "('xpath', \"//li[contains(@class, 'text_type_digits-default')]\")"}], "start": 1728086625206, "stop": 1728086625232}], "parameters": [{"name": "new_user", "value": "(<Response [200]>, {'email': 'elizabethrobertson@example.com', 'password': '8%a*46mg8B', 'name': 'linda09'})"}], "start": 1728086622042, "stop": 1728086625232}], "parameters": [{"name": "get_driver", "value": "'firefox'"}], "start": 1728086622042, "stop": 1728086625232, "uuid": "5eb58e76-d2b2-4d0c-9a44-1391dc1b3862", "historyId": "a9ffab978facafd6bf04e2bc22942e23", "testCaseId": "25e08268aa095e19d162f817d643ad8c", "fullName": "tests.test_order_page.TestOrderFeed#test_check_order_in_progress", "labels": [{"name": "parentSuite", "value": "tests"}, {"name": "suite", "value": "test_order_page"}, {"name": "subSuite", "value": "TestOrderFeed"}, {"name": "host", "value": "mac.lan"}, {"name": "thread", "value": "81820-MainThread"}, {"name": "framework", "value": "pytest"}, {"name": "language", "value": "cpython3"}, {"name": "package", "value": "tests.test_order_page"}]}