{"name": "Verify created order is displayed in 'In Process' section", "status": "failed", "statusDetails": {"message": "AssertionError: assert False\n +  where False = check_order_in_progress((<Response [200]>, {'email': 'angel02@example.org', 'name': 'dukeautumn', 'password': 'h#8U3PTbs$'}))\n +    where check_order_in_progress = <pages.order_page.OrderFeed object at 0x104973dd0>.check_order_in_progress", "trace": "self = <test_order_page.TestOrderFeed object at 0x1049a8770>, get_order_feed_instance = <pages.order_page.OrderFeed object at 0x104973dd0>\nget_new_user = (<Response [200]>, {'email': 'angel02@example.org', 'name': 'dukeautumn', 'password': 'h#8U3PTbs$'})\n\n    @allure.title(\"Verify created order is displayed in 'In Process' section\")\n    def test_check_order_in_progress(self, get_order_feed_instance, get_new_user):\n>       assert get_order_feed_instance.check_order_in_progress(get_new_user)\nE       AssertionError: assert False\nE        +  where False = check_order_in_progress((<Response [200]>, {'email': 'angel02@example.org', 'name': 'dukeautumn', 'password': 'h#8U3PTbs$'}))\nE        +    where check_order_in_progress = <pages.order_page.OrderFeed object at 0x104973dd0>.check_order_in_progress\n\ntests/test_order_page.py:20: AssertionError"}, "steps": [{"name": "Verify created order is displayed in In Process section", "status": "passed", "steps": [{"name": "Open url page", "status": "passed", "parameters": [{"name": "url", "value": "'https://stellarburgers.nomoreparties.site/feed'"}], "start": 1728091972000, "stop": 1728091973509}, {"name": "Create ingredient hashes for burger", "status": "passed", "steps": [{"name": "Get ingredient list and dict by type of ingredient", "status": "passed", "start": 1728091973509, "stop": 1728091973760}], "start": 1728091973509, "stop": 1728091973760}, {"name": "Create new order", "status": "passed", "parameters": [{"name": "ingredients", "value": "['61c0c5a71d1f82001bdaaa6c', '61c0c5a71d1f82001bdaaa73', '61c0c5a71d1f82001bdaaa71']"}, {"name": "token", "value": "'Bearer eyJhbGciOiJIUzI1NiIsInR5cCI6IkpXVCJ9.eyJpZCI6IjY3MDA5NzQzOWVkMjgwMDAxYjRkNGFiYSIsImlhdCI6MTcyODA5MTk3MSwiZXhwIjoxNzI4MDkzMTcxfQ.KKWXNQXz84GB4gLtGObOs8KkIGX4XJaBgKRIJps48fA'"}], "start": 1728091973760, "stop": 1728091975507}, {"name": "Get element text", "status": "passed", "steps": [{"name": "Wait and find element by locator", "status": "passed", "parameters": [{"name": "locator", "value": "('xpath', \"//li[contains(@class, 'text_type_digits-default')]\")"}], "start": 1728091975507, "stop": 1728091975536}], "parameters": [{"name": "locator", "value": "('xpath', \"//li[contains(@class, 'text_type_digits-default')]\")"}], "start": 1728091975507, "stop": 1728091975543}], "parameters": [{"name": "new_user", "value": "(<Response [200]>, {'email': 'angel02@example.org', 'password': 'h#8U3PTbs$', 'name': 'dukeautumn'})"}], "start": 1728091972000, "stop": 1728091975543}], "parameters": [{"name": "get_driver", "value": "'chrome'"}], "start": 1728091971999, "stop": 1728091975544, "uuid": "724d7ad9-9ce3-485c-9d28-ea72f12c673a", "historyId": "ace771f2e513b71ce79eaf015d08ff9f", "testCaseId": "25e08268aa095e19d162f817d643ad8c", "fullName": "tests.test_order_page.TestOrderFeed#test_check_order_in_progress", "labels": [{"name": "parentSuite", "value": "tests"}, {"name": "suite", "value": "test_order_page"}, {"name": "subSuite", "value": "TestOrderFeed"}, {"name": "host", "value": "mac.lan"}, {"name": "thread", "value": "86349-MainThread"}, {"name": "framework", "value": "pytest"}, {"name": "language", "value": "cpython3"}, {"name": "package", "value": "tests.test_order_page"}]}