{"name": "Verify created order is displayed in 'In Process' section", "status": "failed", "statusDetails": {"message": "AssertionError: assert False\n +  where False = check_order_in_progress((<Response [200]>, {'email': 'owalters@example.net', 'name': 'linda22', 'password': 'Z@2BryYlJ1'}))\n +    where check_order_in_progress = <pages.order_page.OrderFeed object at 0x10237f080>.check_order_in_progress", "trace": "self = <test_order_page.TestOrderFeed object at 0x1023b4860>, get_order_feed_instance = <pages.order_page.OrderFeed object at 0x10237f080>\nget_new_user = (<Response [200]>, {'email': 'owalters@example.net', 'name': 'linda22', 'password': 'Z@2BryYlJ1'})\n\n    @allure.title(\"Verify created order is displayed in 'In Process' section\")\n    def test_check_order_in_progress(self, get_order_feed_instance, get_new_user):\n>       assert get_order_feed_instance.check_order_in_progress(get_new_user)\nE       AssertionError: assert False\nE        +  where False = check_order_in_progress((<Response [200]>, {'email': 'owalters@example.net', 'name': 'linda22', 'password': 'Z@2BryYlJ1'}))\nE        +    where check_order_in_progress = <pages.order_page.OrderFeed object at 0x10237f080>.check_order_in_progress\n\ntests/test_order_page.py:20: AssertionError"}, "steps": [{"name": "Verify created order is displayed in In Process section", "status": "passed", "steps": [{"name": "Open url page", "status": "passed", "parameters": [{"name": "url", "value": "'https://stellarburgers.nomoreparties.site/feed'"}], "start": 1728092006416, "stop": 1728092007442}, {"name": "Create ingredient hashes for burger", "status": "passed", "steps": [{"name": "Get ingredient list and dict by type of ingredient", "status": "passed", "start": 1728092007442, "stop": 1728092007827}], "start": 1728092007442, "stop": 1728092007827}, {"name": "Create new order", "status": "passed", "parameters": [{"name": "ingredients", "value": "['61c0c5a71d1f82001bdaaa6d', '61c0c5a71d1f82001bdaaa74', '61c0c5a71d1f82001bdaaa6e']"}, {"name": "token", "value": "'Bearer eyJhbGciOiJIUzI1NiIsInR5cCI6IkpXVCJ9.eyJpZCI6IjY3MDA5NzY2OWVkMjgwMDAxYjRkNGFjMCIsImlhdCI6MTcyODA5MjAwNiwiZXhwIjoxNzI4MDkzMjA2fQ.IHr7o8ZWerH1Zru5KeRXv6PQOtZR5CXhPedOt-qLlNQ'"}], "start": 1728092007827, "stop": 1728092009643}, {"name": "Get element text", "status": "passed", "steps": [{"name": "Wait and find element by locator", "status": "passed", "parameters": [{"name": "locator", "value": "('xpath', \"//li[contains(@class, 'text_type_digits-default')]\")"}], "start": 1728092009644, "stop": 1728092009668}], "parameters": [{"name": "locator", "value": "('xpath', \"//li[contains(@class, 'text_type_digits-default')]\")"}], "start": 1728092009644, "stop": 1728092009675}], "parameters": [{"name": "new_user", "value": "(<Response [200]>, {'email': 'owalters@example.net', 'password': 'Z@2BryYlJ1', 'name': 'linda22'})"}], "start": 1728092006416, "stop": 1728092009675}], "parameters": [{"name": "get_driver", "value": "'chrome'"}], "start": 1728092006415, "stop": 1728092009675, "uuid": "96e02dee-4a9c-44c4-9d57-cdb628e7cb02", "historyId": "ace771f2e513b71ce79eaf015d08ff9f", "testCaseId": "25e08268aa095e19d162f817d643ad8c", "fullName": "tests.test_order_page.TestOrderFeed#test_check_order_in_progress", "labels": [{"name": "parentSuite", "value": "tests"}, {"name": "suite", "value": "test_order_page"}, {"name": "subSuite", "value": "TestOrderFeed"}, {"name": "host", "value": "mac.lan"}, {"name": "thread", "value": "86418-MainThread"}, {"name": "framework", "value": "pytest"}, {"name": "language", "value": "cpython3"}, {"name": "package", "value": "tests.test_order_page"}]}